[14:57.10.968]  Starting MobaXterm
[14:57.10.968]  
[14:57.10.968]  BEGIN AdaptToGlobalDPI
[14:57.10.968]      AdaptToGlobalDPI: DPI=120
[14:57.10.968]      BEGIN LaunchLoadFlatIconsThreads
[14:57.10.968]          BEGIN WaitForLoadFlatIconsThreads
[14:57.10.968]          END WaitForLoadFlatIconsThreads
[14:57.10.968]          BEGIN WaitForGenerateStdListThreads
[14:57.10.968]          END WaitForGenerateStdListThreads
[14:57.10.968]          Loading flat icons 16
[14:57.10.968]          Loading flat icons 22
[14:57.10.968]          Loading flat icons 64
[14:57.10.968]          Loading extensions icons
[14:57.10.969]      END LaunchLoadFlatIconsThreads
[14:57.10.969]  END AdaptToGlobalDPI
[14:57.10.969]  
[14:57.10.969]  BEGIN AddMobaConsoleFont
[14:57.10.969]  END AddMobaConsoleFont
[14:57.10.969]  
[14:57.10.969]  BEGIN GetMobaseStream
[14:57.10.969]  END GetMobaseStream
[14:57.10.969]  
[14:57.10.969]  BEGIN MobaProfileDir detection
[14:57.10.969]      BEGIN GetProfileDirScore(C:\Users\admin\AppData\Roaming\)
[14:57.10.969]          "C:\Users\admin\AppData\Roaming\" seems to be writeable
[14:57.10.969]          "C:\Users\admin\AppData\Roaming\MobaXterm\MobaXterm.ini" does not exist
[14:57.10.969]          "C:\Users\admin\AppData\Roaming\" is not a network path
[14:57.10.969]      END GetProfileDirScore(C:\Users\admin\AppData\Roaming\): 28
[14:57.10.969]      BEGIN GetProfileDirScore(C:\Users\admin\OneDrive\DOCUME~1\)
[14:57.10.971]          "C:\Users\admin\OneDrive\DOCUME~1\" seems to be writeable
[14:57.10.971]          "C:\Users\admin\OneDrive\DOCUME~1\MobaXterm\MobaXterm.ini" does not exist
[14:57.10.971]          "C:\Users\admin\OneDrive\DOCUME~1\" is not a network path
[14:57.10.971]      END GetProfileDirScore(C:\Users\admin\OneDrive\DOCUME~1\): 28
[14:57.10.971]      BEGIN GetProfileDirScore(C:\Users\admin\AppData\Local\)
[14:57.10.972]          "C:\Users\admin\AppData\Local\" seems to be writeable
[14:57.10.972]          "C:\Users\admin\AppData\Local\MobaXterm\MobaXterm.ini" does not exist
[14:57.10.972]          "C:\Users\admin\AppData\Local\" is not a network path
[14:57.10.972]      END GetProfileDirScore(C:\Users\admin\AppData\Local\): 28
[14:57.10.972]  END MobaProfileDir detection
[14:57.10.972]  
[14:57.10.972]  --> Selected MobaProfile directory: "C:\Users\admin\AppData\Roaming\"
[14:57.10.972]  
[14:57.10.973]  - MobaXterm version: 21.4 Build 4786
[14:57.10.973]  - Command line: "C:\Users\admin\OneDrive\Desktop\MobaXterm_Portable_v21.4\MobaXterm_Personal_21.4.exe"
[14:57.10.973]  - Date: 2021-10-29
[14:57.10.973]  - Windows version number: 10.0.2.19042.
[14:57.10.973]  - Windows version name: Windows 10
[14:57.10.973]  - Windows full name: Windows 10 Home 2009 build 19042
[14:57.10.973]  - Windows architecture: 64-bits
[14:57.10.973]  - User language: English (United States)
[14:57.10.973]  - CPU architecture: x86
[14:57.10.973]  - Detected DPI: 120
[14:57.10.973]  - Current DPI: 120
[14:57.10.973]  - CurDir: C:\Users\admin\OneDrive\Desktop\MOBAXT~1.4\
[14:57.10.973]  - PersonalDir: C:\Users\admin\OneDrive\DOCUME~1\
[14:57.10.973]  - AppDataDir: C:\Users\admin\AppData\Roaming\
[14:57.10.973]  - LocalAppDataDir: C:\Users\admin\AppData\Local\
[14:57.10.973]  - DesktopDir: C:\Users\admin\OneDrive\Desktop\
[14:57.10.973]  - CustomProfileDir: 0
[14:57.10.973]  - MobaProfileDir: C:\Users\admin\AppData\Roaming\
[14:57.10.973]  - Free space in MobaProfileDir folder: 317867MB
[14:57.10.973]  - TempDir: C:\Users\admin\AppData\Local\Temp\
[14:57.10.973]  - Free space in TempDir folder: 317867MB
[14:57.10.973]  - Monitor #0: 1920x1080
[14:57.10.973]  - User name: admin
[14:57.10.973]  - Computer name: GALLA
[14:57.10.973]  
[14:57.10.973]  
[14:57.10.973]  ####                            WARNING                            ####
[14:57.10.973]  Windows system locale (1033) is different from
[14:57.10.973]  the current MobaXterm process locale (16393).
[14:57.10.973]  MobaXterm has switched to the system locale in order to avoid potential
[14:57.10.973]  issues with Ansi/unicode/UTF-8 conversions.
[14:57.10.973]  
[14:57.10.973]  
[14:57.10.973]  - Windows beta unicode support not set
[14:57.10.973]  - Uptime: 0 days, 00:47:50
[14:57.10.973]  - Windows PATH: C:\Program Files\Java\jdk-11.0.11\bin;C:\Program Files\Common Files\Oracle\Java\javapath\bin;C:\windows\system32;C:\windows;C:\windows\System32\Wbem;C:\windows\System32\WindowsPowerShell\v1.0\;C:\windows\System32\OpenSSH\;C:\Program Files\Git\cmd;C:\Users\admin\Downloads\apache-maven-3.8.3-bin\apache-maven-3.8.3\bin;C:\Program Files\PuTTY\;C:\Users\admin\AppData\Local\Microsoft\WindowsApps;;C:\Users\admin\AppData\Local\Programs\Microsoft VS Code\bin
[14:57.10.973]  - WSL PATH: C:\windows\Sysnative\wsl.exe
[14:57.10.973]  
[14:57.10.973]  BEGIN Form1.FormCreate
[14:57.10.973]      Detecting installed/portable version
[14:57.10.973]      --> portable version
[14:57.10.973]      
[14:57.10.973]      Detecting IniSettings
[14:57.10.974]      MobaXterm will take its configuration from file "C:\Users\admin\OneDrive\Desktop\MOBAXT~1.4\MobaXterm.ini".
[14:57.10.974]      (selected ini file seems to be writeable)
[14:57.10.974]      --> IniSettings= C:\Users\admin\OneDrive\Desktop\MOBAXT~1.4\MobaXterm.ini
[14:57.10.974]      
[14:57.10.974]      
[14:57.10.974]      Detecting ModeIni
[14:57.10.974]      --> ModeIni= true
[14:57.10.974]      
[14:57.10.974]      Detecting CygUtils
[14:57.10.974]      CygUtils32 detected
[14:57.10.974]      --> Using CygPackage C:\Users\admin\OneDrive\Desktop\MOBAXT~1.4\CygUtils.plugin
[14:57.10.974]      
[14:57.10.974]      Starting CygUtils package thread
[14:57.10.975]      BEGIN GetCygUtilsPackageZip
[14:57.10.975]      END GetCygUtilsPackageZip
[14:57.10.975]      
[14:57.10.975]      Detecting MobaXVTDir
[14:57.10.975]      BEGIN IsFolderRW(C:\Users\admin\AppData\Local\Temp\Mxt214)
[14:57.11.014]      END IsFolderRW(C:\Users\admin\AppData\Local\Temp\Mxt214) --> OK
[14:57.11.014]      --> MobaXVTDir= C:\Users\admin\AppData\Local\Temp\Mxt214
[14:57.11.014]      
[14:57.11.014]      
[14:57.11.014]      
[14:57.11.014]      ###############################################################################
[14:57.11.014]      ####     WARNING: MobaXterm seems to be running from OneDrive folder.      ####
[14:57.11.014]      ####  This may result in issues while launching terminal or SSH sessions,  ####
[14:57.11.014]      ####  especially when using MobaXterm installation with several accounts.  ####
[14:57.11.014]      ###############################################################################
[14:57.11.014]      
[14:57.11.014]      
[14:57.11.014]      Detecting BinExeDir
[14:57.11.014]      --> BinExeDir= C:\Users\admin\AppData\Local\Temp\Mxt214\bin\
[14:57.11.014]      
[14:57.11.014]      Detecting MobaXVTHomeDir
[14:57.11.015]      --> MobaXVTHomeDir= C:\Users\admin\AppData\Local\Temp\Mxt214\tmp\home_admin
[14:57.11.015]      
[14:57.11.015]      Skin detection
[14:57.11.015]      Skin selected:
[14:57.11.015]      Set Application Title
[14:57.11.015]      Create SSH memory storage
[14:57.11.015]      Clean custom shared sessions
[14:57.11.015]      Adapting splash screen color to logo
[14:57.11.015]      Detecting if another instance is running...
[14:57.11.015]      No other instance is running. Cleaning potential files from any previous instance...
[14:57.11.130]      Cleaning done.
[14:57.11.130]      
[14:57.11.130]      BEGIN ListWslDistrosFromRegistry(HKCU)
[14:57.11.130]      END ListWslDistrosFromRegistry(HKCU)
[14:57.11.130]      
[14:57.11.130]      
[14:57.11.130]      BEGIN ListWslDistrosFromRegistry(HKLM)
[14:57.11.130]      END ListWslDistrosFromRegistry(HKLM)
[14:57.11.130]      
[14:57.11.130]      Loading skins
[14:57.11.130]      
[14:57.11.130]      Detected Default Windows theme setting
[14:57.11.130]      Detected that MsWindows is in bright mode. Activating bright mode
[14:57.11.130]      
[14:57.11.130]  END Form1.Create
[14:57.11.130]  
[14:57.11.130]  
[14:57.11.130]  CREATING Form4
[14:57.11.351]  BEGIN Form4.Create
[14:57.11.351]      BEGIN WaitForLoadFlatIconsThreads
[14:57.11.352]      END WaitForLoadFlatIconsThreads
[14:57.11.352]      BEGIN ReadCustomIcons
[14:57.11.352]          No custom icon found.
[14:57.11.352]      END ReadCustomIcons
[14:57.11.352]      BEGIN LaunchGenerateStdListThreads
[14:57.11.352]          BEGIN WaitForLoadFlatIconsThreads
[14:57.11.352]          END WaitForLoadFlatIconsThreads
[14:57.11.352]          BEGIN WaitForGenerateStdListThreads
[14:57.11.352]          END WaitForGenerateStdListThreads
[14:57.11.352]          Generating icons list 16 (real size 16)
[14:57.11.352]          Generating icons list 22 (real size 22)
[14:57.11.352]          Generating icons list 64 (real size 64)
[14:57.11.352]      END LaunchGenerateStdListThreads
[14:57.11.353]      BEGIN Form4.AdapterDPI
[14:57.11.353]          Form4.AdapterDPI: DPI=120
[14:57.11.481]          Form4.AdapterDPI: Affectation des fontes
[14:57.11.528]      END Form4.AdapterDPI
[14:57.11.600]      NbPenguins = 4
[14:57.11.600]      CoeffPenguins = 120
[14:57.11.621]      BEGIN LoadBookmarksFromIni
[14:57.11.622]          FindOrCreateTreeFolders() (1)
[14:57.11.635]          FindOrCreateTreeFolders(PuTTY sessions) (1)
[14:57.11.643]      END LoadBookmarksFromIni
[14:57.11.643]      BEGIN LoadMacrosFromIni
[14:57.11.643]      END LoadMacrosFromIni
[14:57.11.643]      Autodetecting WSL sessions
[14:57.11.643]      AutoDetecting WSL distribution "Ubuntu"
[14:57.11.643]      BEGIN FindWslDistro(Ubuntu)
[14:57.11.645]          result: C:\windows\Sysnative\wsl.exe -d ubuntu
[14:57.11.645]      END FindWslDistro(ubuntu)
[14:57.11.645]      AutoDetecting WSL distribution "Debian"
[14:57.11.645]      BEGIN FindWslDistro(Debian)
[14:57.11.646]          result: C:\windows\Sysnative\wsl.exe -d debian
[14:57.11.646]      END FindWslDistro(debian)
[14:57.11.646]      AutoDetecting WSL distribution "OpenSuse"
[14:57.11.646]      BEGIN FindWslDistro(OpenSuse)
[14:57.11.647]          result: C:\windows\Sysnative\wsl.exe -d opensuse
[14:57.11.647]      END FindWslDistro(opensuse)
[14:57.11.647]      AutoDetecting WSL distribution "SLES"
[14:57.11.647]      BEGIN FindWslDistro(SLES)
[14:57.11.648]          result: C:\windows\Sysnative\wsl.exe -d sles
[14:57.11.648]      END FindWslDistro(sles)
[14:57.11.648]      AutoDetecting WSL distribution "Kali"
[14:57.11.648]      BEGIN FindWslDistro(Kali)
[14:57.11.648]          result: C:\windows\Sysnative\wsl.exe -d kali
[14:57.11.648]      END FindWslDistro(kali)
[14:57.11.648]      Autodetecting PuTTY sessions
[14:57.11.648]      Autodetecting SCRT sessions
[14:57.11.648]      Autodetecting Exceed sessions
[14:57.11.651]      Autodetecting MRemoteNG sessions
[14:57.11.651]      Autodetecting SuperPuTTY sessions
[14:57.11.651]      Loading buttons on the top toolbar
[14:57.11.651]      Form4Create1
[14:57.11.652]      Form4Create2
[14:57.11.817]      BEGIN AdaptSidebarArrows
[14:57.11.817]      END AdaptSidebarArrows
[14:57.11.886]      Form4Create3
[14:57.11.888]      GetMinWidth = 1154
[14:57.11.894]      GetMinHeight = 697
[14:57.11.955]      Form4Create4
[14:57.11.955]      IsNTFS(C:\) --> NTFS
[14:57.11.955]      Slash drive is NTFS.
[14:57.11.955]      Form4Create5
[14:57.11.988]      Form4Create6
[14:57.11.988]      Displaysidebarontheleft1Click: FormClick
[14:57.12.100]      BEGIN AdaptSidebarArrows
[14:57.12.100]      END AdaptSidebarArrows
[14:57.12.100]      Form4Create7
[14:57.12.100]      Form4Create8
[14:57.12.100]      Form4Create9
[14:57.12.100]      ShowButtonsbar1Click: FormClick
[14:57.12.106]      Form4Create10
[14:57.12.106]      Form4Create12
[14:57.12.106]      SmallButtons1Click: FormClick
[14:57.12.179]      GetMinWidth = 1154
[14:57.12.179]      GetMinHeight = 678
[14:57.12.181]      Form4Create13
[14:57.12.181]      Form4Create14
[14:57.12.181]  END Form4.Create
[14:57.12.181]  
[14:57.12.181]  
[14:57.12.181]  CREATING FormParams

[14:57.12.749]  BEGIN TFormParams.FormCreate
[14:57.12.783]  END TFormParams.FormCreate
[14:57.12.783]  
[14:57.12.783]  
[14:57.12.783]  CREATING FormSessionEdit
[14:57.13.025]  BEGIN FormSessionEdit.Create
[14:57.13.025]      Pre-loading IP addresses list
[14:57.13.025]      Loading default theme
[14:57.13.025]      Building shells list
[14:57.13.043]      Building WSL distributions list
[14:57.13.067]      Building sessions list combobox
[14:57.13.067]      Building advanced sessions settings tabcontrol
[14:57.13.079]      Building basic sessions settings tabcontrol
[14:57.13.090]      Selecting default session #0
[14:57.13.090]      Adapting window for DPI 120
[14:57.13.097]      Adapting macros combo box
[14:57.13.124]      Detecting default IP address
[14:57.13.124]      BEGIN TFormSessionEdit.FindIP
[14:57.13.124]          Waiting for IP addresses thread
[14:57.13.126]          IP addresses list has 2 items
[14:57.13.126]      END TFormSessionEdit.FindIP
[14:57.13.126]      Disabling sessions which are not allowed by admin
[14:57.13.126]  END FormSessionEdit.Create
[14:57.13.126]  
[14:57.13.126]  
[14:57.13.126]  DONE CREATING FORMS
[14:57.13.126]  
[14:57.13.126]  
[14:57.13.126]  
[14:57.13.126]  
[14:57.13.128]  BEGIN Form1.Show
[14:57.13.128]  END Form1.Show
[14:57.13.191]  
[14:57.13.191]  Launching Form1.Timer1Timer
[14:57.13.191]  
[14:57.13.191]  BEGIN WaitForGetCygUtilsPackageZip
[14:57.13.191]  END WaitForGetCygUtilsPackageZip
[14:57.13.191]  
[14:57.13.191]  CygUtils version: 3.12 (32 bits)
[14:57.13.191]  
[14:57.13.191]  
[14:57.13.191]  
[14:57.13.191]  
[14:57.13.191]  
[14:57.13.191]  ================================================================================
[14:57.13.191]  ~    INI file content (C:\Users\admin\OneDrive\Desktop\MOBAXT~1.4\MobaXterm.ini)    ~
[14:57.13.191]  ================================================================================
[14:57.13.191]  
[14:57.13.191]  
[Misc]
PasswordsInRegistry=0
PuTTYSessionsAlreadyImported=1
LastSession=35.222.168.75 (luckky)|#109#0%35.222.168.75%22%luckky%%-1%-1%%%%%0%0%0%_DesktopDir_\luckky%%-1%0%0%0%%1080%%0%0%1#MobaFont%10%0%0%-1%15%236,236,236%30,30,30%180,180,192%0%-1%0%%xterm%-1%-1%_Std_Colors_0_%80%24%0%1%-1%<none>%%0%0%-1#0# #-1
SessionP=198550264010
RightClickAction=0
RightClickAssigned=1
DefTextEditor=<MobaTextEditor>
LogFileFormat=
StorePasswords=Ask
StoreSSHKeysPassphrases=0
BackupIni=1
LogTerminalActivity=0
LogType=0
DefaultShell=0
LogFolder=
SkinSat=36
XAuto=1
XKeepAlive=1
BackspaceSendsBS=1
BSisBS=1
BoldAsFont=0
WinPath=1
ConfirmExit=1
Scrollbar=1
PromptType=2
TrackTermActivity=1
WarnBeforePasteMultipleLines=1
LocalTerminal64Bits=0
BellType=0
TransTerm=0
TransDetachedTabs=0
X11SharedClipboard2=1
X11OpenGL=0
X11DisplayMode=0
X11AccessControl2=0
X11DisplayOffset=0
X11ScreenNumber=1
X11Keyboard=0
X11DpiMode=stretched
X11Version=MobaX
HomeDir=<Temp directory>
SlashDir=<Temp directory>
DefaultHome=<Home (pinned)>
DefaultNewTab=<Terminal>
ReplaceHomeTab=0
NoTabClose=0
AllowMultiInstances=0

[WindowPos_GALLA_1920_1080]
CompactMode=0
MonitorCount=1
Left=-9
Top=-9
Width=1938
Height=1048
Maximized=1
SidebarVisible=1
SidebarWidth=300

[SSH]
SFTPShowDotFiles=1
SFTPAsciiMode=0
MonitorHost=1
MonitorCPU=1
MonitorRAM=1
MonitorNetUp=1
MonitorNetDown=1
MonitorProcesses=0
MonitoFDs=0
MonitorUptime=1
MonitorUsers=1
MonitorPartitions=1
MonitorNetstat=0
BrowserSortType=0
BrowserSortReverse=0
UseInternalMobAgent=0
UseExternalPageant=1
ForwardSSHAgentDep=1
MobAgentKeys=
SSHCompression=1
X11Forwarding=1
DisplaySSHBanner=1
StrictHostKeyChecking=0
StrippedDownAlgoList2=1
GwUse2factor=0
AutoStartSSHGUI=1
SSHKeepAlive2=0
EnableSFTP=1
RemoteMonitoring=0
ScpPreservesDates=0
UseGSSAPI=1
KrbDomain=
GSSAPICustomLib=
GSSAPILibNumber=0
DefaultLoginName=

[Display]
SidebarRight=0
C10Checked=1
C11Checked=1
C12Checked=1
C13Checked=0
C14Checked=0
VisibleTabNum=1
VisibleTabClose=1
MenuAndButtons=2
BtnType2=2
DisableQuickConnect=0
CustomDPI_1920_120=0
IconsTheme=0
RoundedTabs=1
GraphicCache=1

[Recently started]
16=34.121.251.76 (lucky)
15=35.193.146.159 (lucky)
14=34.95.61.60 (lucky)
13=ssh-rsa AAAAB3NzaC1yc2EAAAADAQABAAABgQC2zGc0+Hq4bTQ04+yXcXKTvMJB7W24YILd6Pjj3g6U1YUc/6q803A2GsaKt5LGn3f2E/wQwnv8QjrPnQiXNWOFjo0tzqi2/ex1DTqIT096kUGUrYTS+iuVOBxaLOOtH4KSp0nlySoTdWnZ7kg5lMy0nEKBoSe6qH+nRZ8RLxQgswujsFt7rnnlsJDUu4Y3qBnRfh+o17WUNEusZqspLzhZf8H8uX9BbLGniitygIfozDwAAhyqWlLANPdFy2N/6xBMD/b6OfFIm2f8LWwovZME1JqGbdBXembRt6J0QeSdcXm2VgrNONimRffX31fBy8qmdsZPomCqk2iqeX4Rc1zuTHcbFToDXBLrhAKdYCYvnzUWbsscNjKk9OGGzAoTTwjlTaPWd8tQi+6EuZ8wSG/K/+9RuCC3GNlOPh2WYymnMmHLQj13QKXU8EJA+BG+/EPNN7BY60Gny3PP+w1etskpCK7xUTovW/CwwY1xKXRAG9ko7phn7HQHDpjU8XIF4KM__EQUAL__ luckky (luckky)
12=34.133.53.67 (lucky)
11=34.95.61.60 (lucky) (1)
10=104.196.120.226 (sai)
9=35.243.208.49 (sai)
8=34.138.210.26 (sai)
7=35.222.168.75 (lucky)
6=104.196.120.226 (lucky1)
5=35.243.208.49 (lucky1)
4=34.139.194.12 (lucky1)
3=34.133.53.67 (luckky)
2=35.224.149.254 (luckky)
1=35.222.168.75 (luckky)

[SSH_Hostkeys]
ssh-ed25519@22:54.211.57.69=0x10ef70da02d8f6a1eeedc93c7f1dc210d587e44ee18254199a12afccb81ea97a,0x5a7e453cb99526b11c6e500db00ce992578176c059a71f849ecf2cd99020c883
ssh-ed25519@22:52.23.196.138=0x6fbc25b24132fd46a32d522b5e87ed6b16e8e1c30f589f8a96c8a32e6b8fbac9,0x89c9b00d16e419c1c69afd1575ce31f3217ecda7ef78ad4ba11cffe2a1574a8
ssh-ed25519@22:34.123.14.171=0x5aef0cb53ad848dc4789025323ea887c8f88316b27305838383718192ef0207e,0x3f6ed3d6f197025d4eef433a51acad60bdc95cbc76504825171a75e7189a38da
ssh-ed25519@22:34.133.120.21=0x731e3181f640e714abd5e12303e7496f2013ae34c1b01926fc8dd90bc0dfb25d,0x4e8003850ab6afae90161f3da02f4e504998ac5ed07fad2bb990d3600e9317cb
ssh-ed25519@22:104.154.87.38=0x90b55dd2d378d63b0f3d8e908a383344e9a73528eb8093e4009846294e841ee,0x192c641d4f9e1fd1c2b475fc808560f74a700cbf9da0369139a7a109bdb7127c
ssh-ed25519@22:104.197.27.197=0x6a54e503fea685eb11ae2b954d0f29f3aaa728c3144300dcd65106d2ae798933,0x11e8ccdebde129abb0415636ae1a55877fbb077cbacf4d265907a902b1b96812
ssh-ed25519@22:18.212.177.175=0x2286ddbc8c5b4d18cf208f8236fccc7845b71a7f89ed8955ff9143ff2e8b9a8e,0x7ceaf4785448ee7a4581f51b4a49cb9f353539d20cae05ee7a74b0bd8f4cae60
ssh-ed25519@22:35.238.137.111=0x3e332ab6dbe58e2d10e876c1f8a62fec7bdede45acaec954a7e0ce35820e8214,0x541d993c7d7af8e644fe290e3bb7e80ce58f219fc612b35a6fd11f27d09be062
ssh-ed25519@22:34.71.98.60=0x6336b4254bd79ac2beff7bd61984ea188b85fd3b073702e147702e395146d9b7,0x28cf6e6d61ce9eb9be76d9fd60efa500b292ef1a1a8f8160b12171d74924121e
ssh-ed25519@22:35.193.146.159=0x4402a82e5d69edac0ab555371ac61f3d429f67c093f6a706124382855fa5a88f,0x4074140f89ea4bbd03c1361c02ff10a229fceb1e5f61430c62a2ce669d54a835
ssh-ed25519@22:34.123.252.148=0x5648fa2fb78618ac250c7a939b7694282924981efca748975bdb5caeb73e85df,0x2e88fe030cb24f0ca02c2b534c9eab05c5b7bba2fe521db7937646320e7d2c6f
ssh-ed25519@22:34.121.251.76=0xd0d06c80b69f9923d2182a709e1065df95b12ccf40cfe22db2e2e867319e161,0x77e5dc2008d96d77d0ef51fdf67be3d78daaa6c06f5f89a1a073350a1fe4de85
ssh-ed25519@22:34.95.61.60=0xb02d7762ccccae5d20a4a7ccd4127068cf60997634e158265442488b7becbcc,0x13067bfef49f9c5b691ad83b2f49416866d873111af0492540ce63aa02314ced
ssh-ed25519@22:34.152.48.67=0x682a0ad6c358fbde3612712c4d73dcc84773d51a63eecfcd5fd07d2226c7daf3,0x15be3449e3e6dcdba807dd160097c687d60e209418c1bc112db748590bd44a30
ssh-ed25519@22:34.152.12.184=0x1918d26c6911164c5ecb64e1e615476c2f3f94359eaf93cff918c6a3fc56c3d1,0x11012ed4f78ccf4fa71f6616740f3d44d32a8ef903ae32b6f1924d7471908a8d
ssh-ed25519@22:34.133.53.67=0x576885917137601ded6220ba8084f390060bb7e612518e941d334ac19e8f735f,0x325e8dd182c03d6823c4b0d4c7fd957e4288a94bffdcc0d52ed6391d337516f9
ssh-ed25519@22:35.222.168.75=0x6f9d0989e70fb0d2d7fd47bbf55b5f866dda7c280eea53072bdcbe72feef718e,0x17cd10efdf976075e785720147d5507c6b7635c7f7997681494bbe9aa86e794b
ssh-ed25519@22:35.224.149.254=0x4cafaf08453f92d7b3c9c11011e6c8a0c222fc0b72913d2fe736169cd277353d,0x178c568a6ec6c2a59c652238430de507d88a22dc158016407751857ac0129943
ssh-ed25519@22:104.196.120.226=0x5f95996ee160a603596cd01912bbecc4fd8dede64b1de452bdc23011077d7804,0x1bfd845829a4b369ac263d2e54f9b3be292b735ac089bef0526a49faa79b5dcd
ssh-ed25519@22:35.243.208.49=0x77f185fa8ac4113acf263c899b3a911b99d79e34b09c5d63e87799bc3b2ab4ee,0x65a9cc5caecaae0eacb18329c2108d8e3a147f974bf5b1d8a2f00bca33a96005
ssh-ed25519@22:34.138.210.26=0x158aaa2e900913ba24b2fac1c65a3a65e62758631dbe9ecdea79c3abed377e2f,0x200bda05828ac163a33680aa099a2d74f6f7cbc2030a27ad30381914fd4782c7
ssh-ed25519@22:34.139.194.12=0x67ec1d0c63ad1cd12156970245696a6dd7f48d21dc56c30b9e0c76e6e23884ef,0x6c51762af4e5686216a7c022df10b4fa5c0ba2e72a17deeb7f6e630aa48462d0

[Font]
Font2=MobaFont
FontIsBold2=0
FontHeight2=10
FontCharset2=0
FontQuality2=3
Charset2=UTF-8
LockRowsCols=0
LockedCols=80
LockedRows=24

[Cursor]
CursorType=0
CursorBlinks=0

[PopupConsole]
Transparency=16
Size=36
Sizeable=0
Position=3
TryToOpenInExplorerFolder=1
BackgroundInsteadOfClose=0

[X11Extension]
Composite=1
DAMAGE=1
RANDR=1
XFIXES=1
XTEST=1
XINERAMA=1

[Bookmarks]
SubRep=
ImgNum=42
104.196.120.226 (lucky1)=#109#0%104.196.120.226%22%lucky1%%-1%-1%%%%%0%0%0%_DesktopDir_\lucky1%%-1%0%0%0%%1080%%0%0%1#MobaFont%10%0%0%-1%15%236,236,236%30,30,30%180,180,192%0%-1%0%%xterm%-1%-1%_Std_Colors_0_%80%24%0%1%-1%<none>%%0%0%-1#0# #-1
34.133.53.67 (luckky)=#109#0%34.133.53.67%22%luckky%%-1%-1%%%%%0%0%0%_DesktopDir_\luckky%%-1%0%0%0%%1080%%0%0%1#MobaFont%10%0%0%-1%15%236,236,236%30,30,30%180,180,192%0%-1%0%%xterm%-1%-1%_Std_Colors_0_%80%24%0%1%-1%<none>%%0%0%-1#0# #-1
34.139.194.12 (lucky1)=#109#0%34.139.194.12%22%lucky1%%-1%-1%%%%%0%0%0%_DesktopDir_\lucky1%%-1%0%0%0%%1080%%0%0%1#MobaFont%10%0%0%-1%15%236,236,236%30,30,30%180,180,192%0%-1%0%%xterm%-1%-1%_Std_Colors_0_%80%24%0%1%-1%<none>%%0%0%-1#0# #-1
35.222.168.75 (luckky)=#109#0%35.222.168.75%22%luckky%%-1%-1%%%%%0%0%0%_DesktopDir_\luckky%%-1%0%0%0%%1080%%0%0%1#MobaFont%10%0%0%-1%15%236,236,236%30,30,30%180,180,192%0%-1%0%%xterm%-1%-1%_Std_Colors_0_%80%24%0%1%-1%<none>%%0%0%-1#0# #-1
35.222.168.75 (lucky)=#109#0%35.222.168.75%22%lucky%%-1%-1%%%%%0%0%0%_DesktopDir_\lucky%%-1%0%0%0%%1080%%0%0%1#MobaFont%10%0%0%-1%15%236,236,236%30,30,30%180,180,192%0%-1%0%%xterm%-1%-1%_Std_Colors_0_%80%24%0%1%-1%<none>%%0%0%-1#0# #-1
35.224.149.254 (luckky)=#109#0%35.224.149.254%22%luckky%%-1%-1%%%%%0%0%0%_DesktopDir_\luckky%%-1%0%0%0%%1080%%0%0%1#MobaFont%10%0%0%-1%15%236,236,236%30,30,30%180,180,192%0%-1%0%%xterm%-1%-1%_Std_Colors_0_%80%24%0%1%-1%<none>%%0%0%-1#0# #-1
35.243.208.49 (lucky1)=#109#0%35.243.208.49%22%lucky1%%-1%-1%%%%%0%0%0%_DesktopDir_\lucky1%%-1%0%0%0%%1080%%0%0%1#MobaFont%10%0%0%-1%15%236,236,236%30,30,30%180,180,192%0%-1%0%%xterm%-1%-1%_Std_Colors_0_%80%24%0%1%-1%<none>%%0%0%-1#0# #-1

[Bookmarks_1]
SubRep=PuTTY sessions
ImgNum=208
Default Settings=#109#0%%22%% %-1%-1% %%22%%0%-1%Interactive shell%

[LastInstanceSessions]
0=
1=35.222.168.75 (luckky)

[14:57.13.191]  
[14:57.13.191]  
[14:57.13.191]  ================================================================================
[14:57.13.191]  
[14:57.13.191]  
[14:57.13.191]  
[14:57.13.191]  
[14:57.13.191]  
[14:57.13.191]  Detecting if a Master Password is required by INI file
[14:57.13.191]  No Master Password required by INI file
[14:57.13.191]  No master password detected. Identifying the need for a migration...
[14:57.13.191]  Looking for previously stored passwords in INI file
[14:57.13.191]  No stored password found in INI file
[14:57.13.191]  NeedMigration:=false
[14:57.13.191]  
[14:57.13.191]  BEGIN CreerFstab
[14:57.13.192]      CreerFstab: RootDirectory = C:/Users/admin/AppData/Local/Temp/Mxt214
[14:57.13.192]      CreerFstab: HomeDirectory = C:/Users/admin/AppData/Local/Temp/Mxt214/tmp/HOME_A~1
[14:57.13.192]  END CreerFstab
[14:57.13.192]  BEGIN extraireFichiers1
[14:57.13.193]      BEGIN CreerProfile
[14:57.13.195]      END CreerProfile
[14:57.13.195]      BEGIN CreerSshConfig
[14:57.13.196]      END CreerSshConfig
[14:57.13.196]      BEGIN CreerBaseProfile
[14:57.13.196]          NEW PLUGIN: mobase
[14:57.13.196]          BEGIN ProcessPlugin(mobase)
[14:57.13.196]              BEGIN WaitForGetMobaseStream
[14:57.13.196]              END WaitForGetMobaseStream
[14:57.13.196]          END ProcessPlugin(mobase)
[14:57.13.196]          NEW PLUGIN: C:\Users\admin\OneDrive\Desktop\MOBAXT~1.4\CygUtils.plugin
[14:57.13.196]          BEGIN ProcessPlugin(C:\Users\admin\OneDrive\Desktop\MOBAXT~1.4\CygUtils.plugin)
[14:57.13.202]          END ProcessPlugin(C:\Users\admin\OneDrive\Desktop\MOBAXT~1.4\CygUtils.plugin)
[14:57.13.204]          Request for file extraction: /bin/ssh-agent.exe
[14:57.13.208]          File ssh-agent.exe extracted from CygUtils.plugin.
[14:57.13.209]          Request for file extraction: /bin/cyggcc_s-1.dll
[14:57.13.215]          File cyggcc_s-1.dll extracted from CygUtils.plugin.
[14:57.13.215]          Request for file extraction: /bin/cyggcc_s-seh-1.dll
[14:57.13.215]          BEGIN WaitForAllThreads
[14:57.13.215]          END WaitForAllThreads
[14:57.13.216]      END CreerBaseProfile
[14:57.13.216]      BEGIN MkGroupFile
[14:57.13.223]          SaveStringListToUnixFile(C:\Users\admin\AppData\Local\Temp\Mxt214\etc\group)
[14:57.13.223]          MkGroupFile OK
[14:57.13.223]      END MkGroupFile
[14:57.13.223]      BEGIN MkPasswdFile
[14:57.13.224]          Current Domain: GALLA
[14:57.13.226]          !!!! Exception EFCreateError: Cannot create file "C:\Users\admin\AppData\Local\Temp\Mxt214\etc\passwd". The process cannot access the file because it is being used by another process during SaveStringListToUnixFile(C:\Users\admin\AppData\Local\Temp\Mxt214\etc\passwd)
[14:57.13.226]          MkPasswdFile OK
[14:57.13.226]      END MkPasswdFile
[14:57.13.226]      BEGIN CreerNsswitch
[14:57.13.226]      END CreerNsswitch
[14:57.13.228]      Request for file extraction: /bin/scrdaemons
[14:57.13.231]      File scrdaemons extracted from CygUtils.plugin.
[14:57.13.231]      CreateSymbolicLink(C:\Users\admin\AppData\Local\Temp\Mxt214\bin\scrdaemons, C:\Users\admin\AppData\Local\Temp\Mxt214\etc\init.d\tftp);
[14:57.13.232]      CreateSymbolicLink(C:\Users\admin\AppData\Local\Temp\Mxt214\bin\scrdaemons, C:\Users\admin\AppData\Local\Temp\Mxt214\etc\init.d\ftp);
[14:57.13.232]      !!!! Exception EFCreateError: Cannot create file "C:\Users\admin\AppData\Local\Temp\Mxt214\etc\init.d\ftp". The process cannot access the file because it is being used by another process during CreerLienSymb2
[14:57.13.232]      CreateSymbolicLink(C:\Users\admin\AppData\Local\Temp\Mxt214\bin\scrdaemons, C:\Users\admin\AppData\Local\Temp\Mxt214\etc\init.d\http);
[14:57.13.233]      CreateSymbolicLink(C:\Users\admin\AppData\Local\Temp\Mxt214\bin\scrdaemons, C:\Users\admin\AppData\Local\Temp\Mxt214\etc\init.d\ssh);
[14:57.13.234]      CreateSymbolicLink(C:\Users\admin\AppData\Local\Temp\Mxt214\bin\scrdaemons, C:\Users\admin\AppData\Local\Temp\Mxt214\etc\init.d\telnet);
[14:57.13.235]      CreateSymbolicLink(C:\Users\admin\AppData\Local\Temp\Mxt214\bin\scrdaemons, C:\Users\admin\AppData\Local\Temp\Mxt214\etc\init.d\nfs);
[14:57.13.236]      CreateSymbolicLink(C:\Users\admin\AppData\Local\Temp\Mxt214\bin\scrdaemons, C:\Users\admin\AppData\Local\Temp\Mxt214\etc\init.d\vnc);
[14:57.13.237]      Request for file extraction: /bin/cygtermd.exe
[14:57.13.242]      File cygtermd.exe extracted from CygUtils.plugin.
[14:57.13.242]      Request for file extraction: /bin/cygz.dll
[14:57.13.249]      File cygz.dll extracted from CygUtils.plugin.
[14:57.13.249]      Request for file extraction: /bin/cyggcc_s-1.dll
[14:57.13.249]      File cyggcc_s-1.dll extracted from CygUtils.plugin.
[14:57.13.250]      Request for file extraction: /bin/cygwin-console-helper.exe
[14:57.13.254]      File cygwin-console-helper.exe extracted from CygUtils.plugin.
[14:57.13.254]      Request for file extraction: /bin/ssh.exe
[14:57.13.255]      File ssh.exe extracted from CygUtils.plugin.
[14:57.13.256]      Request for file extraction: /etc/bash.bash_logout
[14:57.13.258]      Request for file extraction: /etc/profile.d
[14:57.13.259]      Request for file extraction: /etc/profile.d/*
[14:57.13.259]      CreerRaccourciVersMobaXterm(C:\Users\admin\AppData\Local\Temp\Mxt214\bin\MobaListPorts, -listports);
[14:57.13.260]      CreerRaccourciVersMobaXterm(C:\Users\admin\AppData\Local\Temp\Mxt214\bin\MobaPictureViewer, -picview);
[14:57.13.260]      CreerRaccourciVersMobaXterm(C:\Users\admin\AppData\Local\Temp\Mxt214\bin\MobaTextEditor, -edit);
[14:57.13.260]      !!!! Exception EFCreateError: Cannot create file "C:\Users\admin\AppData\Local\Temp\Mxt214\bin\MobaTextEditor". The process cannot access the file because it is being used by another process during CreerRaccourciVersMobaXterm
[14:57.13.260]      CreerRaccourciVersMobaXterm(C:\Users\admin\AppData\Local\Temp\Mxt214\bin\MobaGitEditor, -gitedit);
[14:57.13.260]      !!!! Exception EFCreateError: Cannot create file "C:\Users\admin\AppData\Local\Temp\Mxt214\bin\MobaGitEditor". The process cannot access the file because it is being used by another process during CreerRaccourciVersMobaXterm
[14:57.13.260]      CreerRaccourciVersMobaXterm(C:\Users\admin\AppData\Local\Temp\Mxt214\bin\MobaCompareFiles, -compfiles);
[14:57.13.260]      !!!! Exception EFCreateError: Cannot create file "C:\Users\admin\AppData\Local\Temp\Mxt214\bin\MobaCompareFiles". The process cannot access the file because it is being used by another process during CreerRaccourciVersMobaXterm
[14:57.13.260]      CreerRaccourciVersMobaXterm(C:\Users\admin\AppData\Local\Temp\Mxt214\bin\MobaCompareFolders, -compfolders);
[14:57.13.262]      Request for file extraction: /usr/share/terminfo/78/xterm
[14:57.13.266]      File xterm extracted from CygUtils.plugin.
[14:57.13.267]      Request for file extraction: /usr/share/terminfo/63/cygwin
[14:57.13.270]      File cygwin extracted from CygUtils.plugin.
[14:57.13.271]      Request for file extraction: /etc/bash_completion
[14:57.13.272]      File bash_completion extracted from CygUtils.plugin.
[14:57.13.273]      Request for file extraction: /usr/share/zoneinfo/posixrules
[14:57.13.274]      File posixrules extracted successfully.
[14:57.13.275]      Request for file extraction: /etc/inputrc
[14:57.13.278]      File inputrc extracted from CygUtils.plugin.
[14:57.13.278]  END extraireFichiers1
[14:57.13.278]  CreateSymbolicLink(/proc/registry, C:\Users\admin\AppData\Local\Temp\Mxt214\registry);
[14:57.13.279]  !!!! Exception EFCreateError: Cannot create file "C:\Users\admin\AppData\Local\Temp\Mxt214\registry". The process cannot access the file because it is being used by another process during CreerLienSymb2
